state 67 contains 1 shift/reduce conflicts
state 68 contains 1 shift/reduce conflicts

rule 29 (passive_ingredient) never reduced
rule 30 (passive_ingredient) never reduced

-------- Grammar --------

rule 1 reg_list: 
rule 2 reg_list: reg_list registrierung
rule 3 registrierung: complete_name company_address complete_header composition indication packages valid_until
rule 4 complete_name: INTEGER text name_description NEWLINE
rule 5 complete_name: complete_name iks_reg text_name_description NEWLINE
rule 6 text: WORD
rule 7 text: text WORD
rule 8 name_description: 
rule 9 name_description: "," text
rule 10 company_address: company_name "," street_number "," plz_location NEWLINE
rule 11 company_name: text AG
rule 12 street_number: text INTEGER
rule 13 plz_location: INTEGER text
rule 14 complete_header: registration iks_cat index_therapeuticus DATE_NUMERIC NEWLINE
rule 15 registration: REGISTRATION INTEGER
rule 16 iks_cat: IKS_CAT IKS_CAT_VAL
rule 17 index_therapeuticus: INDEX_TH INDEX_TH_VAL
rule 18 composition: COMPOSITION INTEGER ingredients
rule 19 composition: composition INTEGER ingredients
rule 20 ingredients: active_ingredients "," passive_ingredients "," galenic_form "." NEWLINE
rule 21 ingredients: active_ingredients "," galenic_form "." NEWLINE
rule 22 active_ingredients: active_ingredient
rule 23 active_ingredients: active_ingredients "," active_ingredient
rule 24 active_ingredient: text quantity
rule 25 active_ingredient: text quantity AGENT_IN_FORM_OF text
rule 26 passive_ingredients: passive_ingredient
rule 27 passive_ingredients: passive_ingredients "," passive_ingredient
rule 28 passive_ingredient: text
rule 29 passive_ingredient: conservatives
rule 30 passive_ingredient: antioxidants
rule 31 conservatives: CONSERV E123_VAL
rule 32 conservatives: conservatives "," E123_VAL
rule 33 antioxidants: ANTIOX E123_VAL
rule 34 antioxidants: antioxidants "," E123_VAL
rule 35 galenic_form: EXCIPIENS PRO text
rule 36 galenic_form: EXCIPIENS AD text PRO quantity
rule 37 quantity: FLOAT UNIT
rule 38 quantity: INTEGER UNIT
rule 39 indication: INDICATION text NEWLINE
rule 40 packages: PACKAGE package
rule 41 packages: packages package
rule 42 package: INTEGER INTEGER package_size IKS_CAT_VAL NEWLINE
rule 43 package: INTEGER package_size IKS_CAT_VAL NEWLINE
rule 44 package_size: INTEGER package_unit
rule 45 package_size: INTEGER "x" INTEGER package_unit
rule 46 package_unit: UNIT
rule 47 package_unit: WORD
rule 48 valid_until: VALID_UNTIL date_localized NEWLINE
rule 49 date_localized: INTEGER "." MONTH INTEGER

------- Symbols -------

**Nonterminals, with rules where they appear

  $start (31)
    on right: 
    on left : 
  reg_list (32)
    on right: 2
    on left : 1 2
  registrierung (33)
    on right: 2
    on left : 3
  complete_name (34)
    on right: 3 5
    on left : 4 5
  company_address (35)
    on right: 3
    on left : 10
  complete_header (36)
    on right: 3
    on left : 14
  composition (37)
    on right: 3 19
    on left : 18 19
  indication (38)
    on right: 3
    on left : 39
  packages (39)
    on right: 3 41
    on left : 40 41
  valid_until (40)
    on right: 3
    on left : 48
  text (41)
    on right: 4 7 9 11 12 13 24 25 28 35 36 39
    on left : 6 7
  name_description (42)
    on right: 4
    on left : 8 9
  company_name (43)
    on right: 10
    on left : 11
  street_number (44)
    on right: 10
    on left : 12
  plz_location (45)
    on right: 10
    on left : 13
  registration (46)
    on right: 14
    on left : 15
  iks_cat (47)
    on right: 14
    on left : 16
  index_therapeuticus (48)
    on right: 14
    on left : 17
  ingredients (49)
    on right: 18 19
    on left : 20 21
  active_ingredients (50)
    on right: 20 21 23
    on left : 22 23
  passive_ingredients (51)
    on right: 20 27
    on left : 26 27
  galenic_form (52)
    on right: 20 21
    on left : 35 36
  active_ingredient (53)
    on right: 22 23
    on left : 24 25
  quantity (54)
    on right: 24 25 36
    on left : 37 38
  passive_ingredient (55)
    on right: 26 27
    on left : 28 29 30
  conservatives (56)
    on right: 29 32
    on left : 31 32
  antioxidants (57)
    on right: 30 34
    on left : 33 34
  package (58)
    on right: 40 41
    on left : 42 43
  package_size (59)
    on right: 42 43
    on left : 44 45
  package_unit (60)
    on right: 44 45
    on left : 46 47
  date_localized (61)
    on right: 48
    on left : 49

**Terminals, with rules where they appear

  $end (0) 
  error (1) 
  INTEGER (2) 4 12 13 15 18 19 38 42 43 44 45 49
  NEWLINE (3) 4 5 10 14 20 21 39 42 43 48
  iks_reg (4) 5
  text_name_description (5) 5
  WORD (6) 6 7 47
  "," (7) 9 10 20 21 23 27 32 34
  AG (8) 11
  DATE_NUMERIC (9) 14
  REGISTRATION (10) 15
  IKS_CAT (11) 16
  IKS_CAT_VAL (12) 16 42 43
  INDEX_TH (13) 17
  INDEX_TH_VAL (14) 17
  COMPOSITION (15) 18
  "." (16) 20 21 49
  AGENT_IN_FORM_OF (17) 25
  CONSERV (18) 31
  E123_VAL (19) 31 32 33 34
  ANTIOX (20) 33
  EXCIPIENS (21) 35 36
  PRO (22) 35 36
  AD (23) 36
  FLOAT (24) 37
  UNIT (25) 37 38 46
  INDICATION (26) 39
  PACKAGE (27) 40
  "x" (28) 45
  VALID_UNTIL (29) 48
  MONTH (30) 49

--------- State ---------

state 0


  $default      reduce using rule 1 (reg_list)

  reg_list      go to state 1

state 1

   2) reg_list : reg_list _ registrierung

  $end          shift, and go to state 3
  INTEGER       shift, and go to state 5

  registrierung  go to state 2
  complete_name  go to state 4

state 2

   2) reg_list : reg_list registrierung _

  $default      reduce using rule 2 (reg_list)


state 3


  $end          shift, and go to state 6


state 4

   3) registrierung : complete_name _ company_address complete_header composition indication packages valid_until
   5) complete_name : complete_name _ iks_reg text_name_description NEWLINE

  iks_reg       shift, and go to state 8
  WORD          shift, and go to state 9

  company_address  go to state 7
  text          go to state 10
  company_name  go to state 11

state 5

   4) complete_name : INTEGER _ text name_description NEWLINE

  WORD          shift, and go to state 9

  text          go to state 12

state 6


  $default      accept


state 7

   3) registrierung : complete_name company_address _ complete_header composition indication packages valid_until

  REGISTRATION  shift, and go to state 15

  registration  go to state 13
  complete_header  go to state 14

state 8

   5) complete_name : complete_name iks_reg _ text_name_description NEWLINE

  text_name_description  shift, and go to state 16


state 9

   6) text : WORD _

  $default      reduce using rule 6 (text)


state 10

   7) text : text _ WORD
  11) company_name : text _ AG

  WORD          shift, and go to state 17
  AG            shift, and go to state 18


state 11

  10) company_address : company_name _ "," street_number "," plz_location NEWLINE

  ","           shift, and go to state 19


state 12

   4) complete_name : INTEGER text _ name_description NEWLINE
   7) text : text _ WORD

  WORD          shift, and go to state 17
  ","           shift, and go to state 20
  $default      reduce using rule 8 (name_description)

  name_description  go to state 21

state 13

  14) complete_header : registration _ iks_cat index_therapeuticus DATE_NUMERIC NEWLINE

  IKS_CAT       shift, and go to state 22

  iks_cat       go to state 23

state 14

   3) registrierung : complete_name company_address complete_header _ composition indication packages valid_until

  COMPOSITION   shift, and go to state 24

  composition   go to state 25

state 15

  15) registration : REGISTRATION _ INTEGER

  INTEGER       shift, and go to state 26


state 16

   5) complete_name : complete_name iks_reg text_name_description _ NEWLINE

  NEWLINE       shift, and go to state 27


state 17

   7) text : text WORD _

  $default      reduce using rule 7 (text)


state 18

  11) company_name : text AG _

  $default      reduce using rule 11 (company_name)


state 19

  10) company_address : company_name "," _ street_number "," plz_location NEWLINE

  WORD          shift, and go to state 9

  street_number  go to state 28
  text          go to state 29

state 20

   9) name_description : "," _ text

  WORD          shift, and go to state 9

  text          go to state 30

state 21

   4) complete_name : INTEGER text name_description _ NEWLINE

  NEWLINE       shift, and go to state 31


state 22

  16) iks_cat : IKS_CAT _ IKS_CAT_VAL

  IKS_CAT_VAL   shift, and go to state 32


state 23

  14) complete_header : registration iks_cat _ index_therapeuticus DATE_NUMERIC NEWLINE

  INDEX_TH      shift, and go to state 33

  index_therapeuticus  go to state 34

state 24

  18) composition : COMPOSITION _ INTEGER ingredients

  INTEGER       shift, and go to state 35


state 25

   3) registrierung : complete_name company_address complete_header composition _ indication packages valid_until
  19) composition : composition _ INTEGER ingredients

  INTEGER       shift, and go to state 36
  INDICATION    shift, and go to state 37

  indication    go to state 38

state 26

  15) registration : REGISTRATION INTEGER _

  $default      reduce using rule 15 (registration)


state 27

   5) complete_name : complete_name iks_reg text_name_description NEWLINE _

  $default      reduce using rule 5 (complete_name)


state 28

  10) company_address : company_name "," street_number _ "," plz_location NEWLINE

  ","           shift, and go to state 39


state 29

   7) text : text _ WORD
  12) street_number : text _ INTEGER

  INTEGER       shift, and go to state 40
  WORD          shift, and go to state 17


state 30

   7) text : text _ WORD
   9) name_description : "," text _

  WORD          shift, and go to state 17
  $default      reduce using rule 9 (name_description)


state 31

   4) complete_name : INTEGER text name_description NEWLINE _

  $default      reduce using rule 4 (complete_name)


state 32

  16) iks_cat : IKS_CAT IKS_CAT_VAL _

  $default      reduce using rule 16 (iks_cat)


state 33

  17) index_therapeuticus : INDEX_TH _ INDEX_TH_VAL

  INDEX_TH_VAL  shift, and go to state 41


state 34

  14) complete_header : registration iks_cat index_therapeuticus _ DATE_NUMERIC NEWLINE

  DATE_NUMERIC  shift, and go to state 42


state 35

  18) composition : COMPOSITION INTEGER _ ingredients

  WORD          shift, and go to state 9

  ingredients   go to state 43
  active_ingredients  go to state 44
  text          go to state 45
  active_ingredient  go to state 46

state 36

  19) composition : composition INTEGER _ ingredients

  WORD          shift, and go to state 9

  ingredients   go to state 47
  active_ingredients  go to state 44
  text          go to state 45
  active_ingredient  go to state 46

state 37

  39) indication : INDICATION _ text NEWLINE

  WORD          shift, and go to state 9

  text          go to state 48

state 38

   3) registrierung : complete_name company_address complete_header composition indication _ packages valid_until

  PACKAGE       shift, and go to state 49

  packages      go to state 50

state 39

  10) company_address : company_name "," street_number "," _ plz_location NEWLINE

  INTEGER       shift, and go to state 52

  plz_location  go to state 51

state 40

  12) street_number : text INTEGER _

  $default      reduce using rule 12 (street_number)


state 41

  17) index_therapeuticus : INDEX_TH INDEX_TH_VAL _

  $default      reduce using rule 17 (index_therapeuticus)


state 42

  14) complete_header : registration iks_cat index_therapeuticus DATE_NUMERIC _ NEWLINE

  NEWLINE       shift, and go to state 53


state 43

  18) composition : COMPOSITION INTEGER ingredients _

  $default      reduce using rule 18 (composition)


state 44

  20) ingredients : active_ingredients _ "," passive_ingredients "," galenic_form "." NEWLINE
  21) ingredients : active_ingredients _ "," galenic_form "." NEWLINE
  23) active_ingredients : active_ingredients _ "," active_ingredient

  ","           shift, and go to state 54


state 45

   7) text : text _ WORD
  24) active_ingredient : text _ quantity
  25) active_ingredient : text _ quantity AGENT_IN_FORM_OF text

  INTEGER       shift, and go to state 55
  WORD          shift, and go to state 17
  FLOAT         shift, and go to state 56

  quantity      go to state 57

state 46

  22) active_ingredients : active_ingredient _

  $default      reduce using rule 22 (active_ingredients)


state 47

  19) composition : composition INTEGER ingredients _

  $default      reduce using rule 19 (composition)


state 48

   7) text : text _ WORD
  39) indication : INDICATION text _ NEWLINE

  NEWLINE       shift, and go to state 58
  WORD          shift, and go to state 17


state 49

  40) packages : PACKAGE _ package

  INTEGER       shift, and go to state 59

  package       go to state 60

state 50

   3) registrierung : complete_name company_address complete_header composition indication packages _ valid_until
  41) packages : packages _ package

  INTEGER       shift, and go to state 59
  VALID_UNTIL   shift, and go to state 62

  package       go to state 61
  valid_until   go to state 63

state 51

  10) company_address : company_name "," street_number "," plz_location _ NEWLINE

  NEWLINE       shift, and go to state 64


state 52

  13) plz_location : INTEGER _ text

  WORD          shift, and go to state 9

  text          go to state 65

state 53

  14) complete_header : registration iks_cat index_therapeuticus DATE_NUMERIC NEWLINE _

  $default      reduce using rule 14 (complete_header)


state 54

  20) ingredients : active_ingredients "," _ passive_ingredients "," galenic_form "." NEWLINE
  21) ingredients : active_ingredients "," _ galenic_form "." NEWLINE
  23) active_ingredients : active_ingredients "," _ active_ingredient

  WORD          shift, and go to state 9
  CONSERV       shift, and go to state 69
  ANTIOX        shift, and go to state 73
  EXCIPIENS     shift, and go to state 75

  passive_ingredient  go to state 66
  conservatives  go to state 67
  antioxidants  go to state 68
  passive_ingredients  go to state 70
  text          go to state 72
  galenic_form  go to state 71
  active_ingredient  go to state 74

state 55

  38) quantity : INTEGER _ UNIT

  UNIT          shift, and go to state 76


state 56

  37) quantity : FLOAT _ UNIT

  UNIT          shift, and go to state 77


state 57

  24) active_ingredient : text quantity _
  25) active_ingredient : text quantity _ AGENT_IN_FORM_OF text

  AGENT_IN_FORM_OF  shift, and go to state 78
  $default      reduce using rule 24 (active_ingredient)


state 58

  39) indication : INDICATION text NEWLINE _

  $default      reduce using rule 39 (indication)


state 59

  42) package : INTEGER _ INTEGER package_size IKS_CAT_VAL NEWLINE
  43) package : INTEGER _ package_size IKS_CAT_VAL NEWLINE

  INTEGER       shift, and go to state 79

  package_size  go to state 80

state 60

  40) packages : PACKAGE package _

  $default      reduce using rule 40 (packages)


state 61

  41) packages : packages package _

  $default      reduce using rule 41 (packages)


state 62

  48) valid_until : VALID_UNTIL _ date_localized NEWLINE

  INTEGER       shift, and go to state 81

  date_localized  go to state 82

state 63

   3) registrierung : complete_name company_address complete_header composition indication packages valid_until _

  $default      reduce using rule 3 (registrierung)


state 64

  10) company_address : company_name "," street_number "," plz_location NEWLINE _

  $default      reduce using rule 10 (company_address)


state 65

   7) text : text _ WORD
  13) plz_location : INTEGER text _

  WORD          shift, and go to state 17
  $default      reduce using rule 13 (plz_location)


state 66

  26) passive_ingredients : passive_ingredient _

  $default      reduce using rule 26 (passive_ingredients)


state 67

  29) passive_ingredient : conservatives _
  32) conservatives : conservatives _ "," E123_VAL

  ","           shift, and go to state 83
  ","           [reduce using rule 29 (passive_ingredient)]


state 68

  30) passive_ingredient : antioxidants _
  34) antioxidants : antioxidants _ "," E123_VAL

  ","           shift, and go to state 84
  ","           [reduce using rule 30 (passive_ingredient)]


state 69

  31) conservatives : CONSERV _ E123_VAL

  E123_VAL      shift, and go to state 85


state 70

  20) ingredients : active_ingredients "," passive_ingredients _ "," galenic_form "." NEWLINE
  27) passive_ingredients : passive_ingredients _ "," passive_ingredient

  ","           shift, and go to state 86


state 71

  21) ingredients : active_ingredients "," galenic_form _ "." NEWLINE

  "."           shift, and go to state 87


state 72

   7) text : text _ WORD
  24) active_ingredient : text _ quantity
  25) active_ingredient : text _ quantity AGENT_IN_FORM_OF text
  28) passive_ingredient : text _

  INTEGER       shift, and go to state 55
  WORD          shift, and go to state 17
  FLOAT         shift, and go to state 56
  $default      reduce using rule 28 (passive_ingredient)

  quantity      go to state 57

state 73

  33) antioxidants : ANTIOX _ E123_VAL

  E123_VAL      shift, and go to state 88


state 74

  23) active_ingredients : active_ingredients "," active_ingredient _

  $default      reduce using rule 23 (active_ingredients)


state 75

  35) galenic_form : EXCIPIENS _ PRO text
  36) galenic_form : EXCIPIENS _ AD text PRO quantity

  PRO           shift, and go to state 89
  AD            shift, and go to state 90


state 76

  38) quantity : INTEGER UNIT _

  $default      reduce using rule 38 (quantity)


state 77

  37) quantity : FLOAT UNIT _

  $default      reduce using rule 37 (quantity)


state 78

  25) active_ingredient : text quantity AGENT_IN_FORM_OF _ text

  WORD          shift, and go to state 9

  text          go to state 91

state 79

  42) package : INTEGER INTEGER _ package_size IKS_CAT_VAL NEWLINE
  44) package_size : INTEGER _ package_unit
  45) package_size : INTEGER _ "x" INTEGER package_unit

  INTEGER       shift, and go to state 92
  WORD          shift, and go to state 96
  UNIT          shift, and go to state 93
  "x"           shift, and go to state 97

  package_size  go to state 94
  package_unit  go to state 95

state 80

  43) package : INTEGER package_size _ IKS_CAT_VAL NEWLINE

  IKS_CAT_VAL   shift, and go to state 98


state 81

  49) date_localized : INTEGER _ "." MONTH INTEGER

  "."           shift, and go to state 99


state 82

  48) valid_until : VALID_UNTIL date_localized _ NEWLINE

  NEWLINE       shift, and go to state 100


state 83

  32) conservatives : conservatives "," _ E123_VAL

  E123_VAL      shift, and go to state 101


state 84

  34) antioxidants : antioxidants "," _ E123_VAL

  E123_VAL      shift, and go to state 102


state 85

  31) conservatives : CONSERV E123_VAL _

  $default      reduce using rule 31 (conservatives)


state 86

  20) ingredients : active_ingredients "," passive_ingredients "," _ galenic_form "." NEWLINE
  27) passive_ingredients : passive_ingredients "," _ passive_ingredient

  WORD          shift, and go to state 9
  CONSERV       shift, and go to state 69
  ANTIOX        shift, and go to state 73
  EXCIPIENS     shift, and go to state 75

  passive_ingredient  go to state 103
  conservatives  go to state 67
  antioxidants  go to state 68
  text          go to state 105
  galenic_form  go to state 104

state 87

  21) ingredients : active_ingredients "," galenic_form "." _ NEWLINE

  NEWLINE       shift, and go to state 106


state 88

  33) antioxidants : ANTIOX E123_VAL _

  $default      reduce using rule 33 (antioxidants)


state 89

  35) galenic_form : EXCIPIENS PRO _ text

  WORD          shift, and go to state 9

  text          go to state 107

state 90

  36) galenic_form : EXCIPIENS AD _ text PRO quantity

  WORD          shift, and go to state 9

  text          go to state 108

state 91

   7) text : text _ WORD
  25) active_ingredient : text quantity AGENT_IN_FORM_OF text _

  WORD          shift, and go to state 17
  $default      reduce using rule 25 (active_ingredient)


state 92

  44) package_size : INTEGER _ package_unit
  45) package_size : INTEGER _ "x" INTEGER package_unit

  WORD          shift, and go to state 96
  UNIT          shift, and go to state 93
  "x"           shift, and go to state 97

  package_unit  go to state 95

state 93

  46) package_unit : UNIT _

  $default      reduce using rule 46 (package_unit)


state 94

  42) package : INTEGER INTEGER package_size _ IKS_CAT_VAL NEWLINE

  IKS_CAT_VAL   shift, and go to state 109


state 95

  44) package_size : INTEGER package_unit _

  $default      reduce using rule 44 (package_size)


state 96

  47) package_unit : WORD _

  $default      reduce using rule 47 (package_unit)


state 97

  45) package_size : INTEGER "x" _ INTEGER package_unit

  INTEGER       shift, and go to state 110


state 98

  43) package : INTEGER package_size IKS_CAT_VAL _ NEWLINE

  NEWLINE       shift, and go to state 111


state 99

  49) date_localized : INTEGER "." _ MONTH INTEGER

  MONTH         shift, and go to state 112


state 100

  48) valid_until : VALID_UNTIL date_localized NEWLINE _

  $default      reduce using rule 48 (valid_until)


state 101

  32) conservatives : conservatives "," E123_VAL _

  $default      reduce using rule 32 (conservatives)


state 102

  34) antioxidants : antioxidants "," E123_VAL _

  $default      reduce using rule 34 (antioxidants)


state 103

  27) passive_ingredients : passive_ingredients "," passive_ingredient _

  $default      reduce using rule 27 (passive_ingredients)


state 104

  20) ingredients : active_ingredients "," passive_ingredients "," galenic_form _ "." NEWLINE

  "."           shift, and go to state 113


state 105

   7) text : text _ WORD
  28) passive_ingredient : text _

  WORD          shift, and go to state 17
  $default      reduce using rule 28 (passive_ingredient)


state 106

  21) ingredients : active_ingredients "," galenic_form "." NEWLINE _

  $default      reduce using rule 21 (ingredients)


state 107

   7) text : text _ WORD
  35) galenic_form : EXCIPIENS PRO text _

  WORD          shift, and go to state 17
  $default      reduce using rule 35 (galenic_form)


state 108

   7) text : text _ WORD
  36) galenic_form : EXCIPIENS AD text _ PRO quantity

  WORD          shift, and go to state 17
  PRO           shift, and go to state 114


state 109

  42) package : INTEGER INTEGER package_size IKS_CAT_VAL _ NEWLINE

  NEWLINE       shift, and go to state 115


state 110

  45) package_size : INTEGER "x" INTEGER _ package_unit

  WORD          shift, and go to state 96
  UNIT          shift, and go to state 93

  package_unit  go to state 116

state 111

  43) package : INTEGER package_size IKS_CAT_VAL NEWLINE _

  $default      reduce using rule 43 (package)


state 112

  49) date_localized : INTEGER "." MONTH _ INTEGER

  INTEGER       shift, and go to state 117


state 113

  20) ingredients : active_ingredients "," passive_ingredients "," galenic_form "." _ NEWLINE

  NEWLINE       shift, and go to state 118


state 114

  36) galenic_form : EXCIPIENS AD text PRO _ quantity

  INTEGER       shift, and go to state 55
  FLOAT         shift, and go to state 56

  quantity      go to state 119

state 115

  42) package : INTEGER INTEGER package_size IKS_CAT_VAL NEWLINE _

  $default      reduce using rule 42 (package)


state 116

  45) package_size : INTEGER "x" INTEGER package_unit _

  $default      reduce using rule 45 (package_size)


state 117

  49) date_localized : INTEGER "." MONTH INTEGER _

  $default      reduce using rule 49 (date_localized)


state 118

  20) ingredients : active_ingredients "," passive_ingredients "," galenic_form "." NEWLINE _

  $default      reduce using rule 20 (ingredients)


state 119

  36) galenic_form : EXCIPIENS AD text PRO quantity _

  $default      reduce using rule 36 (galenic_form)

